app/build/intermediates/manifest_merge_blame_file/civDebug/processCivDebugMainManifest/manifest-merger-blame-civ-debug-report.txt
1<?xml version="1.0" encoding="utf-8"?>
2<manifest xmlns:android="http://schemas.android.com/apk/res/android"
3    package="com.walaris.airscout"
4    android:versionCode="1761499759"
5    android:versionName="0.1 (bc592111) - [5.5.0]" >
6
7    <uses-sdk
8        android:minSdkVersion="21"
9        android:targetSdkVersion="34" />
10
11    <uses-permission android:name="android.permission.INTERNET" />
11-->src/main/AndroidManifest.xml:5:5-67
11-->src/main/AndroidManifest.xml:5:22-64
12    <uses-permission android:name="android.permission.ACCESS_NETWORK_STATE" />
12-->src/main/AndroidManifest.xml:6:5-79
12-->src/main/AndroidManifest.xml:6:22-76
13
14    <permission
14-->[androidx.core:core:1.15.0] AndroidManifest.xml:22:5-24:47
15        android:name="com.walaris.airscout.DYNAMIC_RECEIVER_NOT_EXPORTED_PERMISSION"
15-->[androidx.core:core:1.15.0] AndroidManifest.xml:23:9-81
16        android:protectionLevel="signature" />
16-->[androidx.core:core:1.15.0] AndroidManifest.xml:24:9-44
17
18    <uses-permission android:name="com.walaris.airscout.DYNAMIC_RECEIVER_NOT_EXPORTED_PERMISSION" />
18-->[androidx.core:core:1.15.0] AndroidManifest.xml:26:5-97
18-->[androidx.core:core:1.15.0] AndroidManifest.xml:26:22-94
19
20    <application
20-->src/main/AndroidManifest.xml:8:5-41:19
21        android:allowBackup="false"
21-->src/main/AndroidManifest.xml:9:9-36
22        android:appComponentFactory="androidx.core.app.CoreComponentFactory"
22-->[androidx.core:core:1.15.0] AndroidManifest.xml:28:18-86
23        android:debuggable="true"
24        android:description="@string/app_desc"
24-->src/main/AndroidManifest.xml:12:9-47
25        android:extractNativeLibs="true"
26        android:icon="@drawable/ic_plugin_badge"
26-->src/main/AndroidManifest.xml:10:9-49
27        android:label="@string/app_name"
27-->src/main/AndroidManifest.xml:11:9-41
28        android:testOnly="true"
29        android:theme="@style/AppTheme"
29-->src/main/AndroidManifest.xml:13:9-40
30        android:usesCleartextTraffic="true" >
30-->src/main/AndroidManifest.xml:14:9-44
31        <meta-data
32            android:name="plugin-api"
32-->src/main/AndroidManifest.xml:15:19-44
33            android:value="com.atakmap.app@5.5.0.CIV" />
33-->src/main/AndroidManifest.xml:15:45-78
34        <meta-data
34-->src/main/AndroidManifest.xml:16:9-78
35            android:name="app_desc"
35-->src/main/AndroidManifest.xml:16:20-43
36            android:value="@string/app_desc" />
36-->src/main/AndroidManifest.xml:16:44-76
37
38        <provider
39            android:name="androidx.core.content.FileProvider"
39-->src/main/AndroidManifest.xml:19:13-62
40            android:authorities="com.walaris.airscout.fileprovider"
40-->src/main/AndroidManifest.xml:20:13-64
41            android:exported="false"
41-->src/main/AndroidManifest.xml:21:13-37
42            android:grantUriPermissions="true" >
42-->src/main/AndroidManifest.xml:22:13-47
43            <meta-data
43-->src/main/AndroidManifest.xml:23:13-25:54
44                android:name="android.support.FILE_PROVIDER_PATHS"
44-->src/main/AndroidManifest.xml:24:17-67
45                android:resource="@xml/file_paths" />
45-->src/main/AndroidManifest.xml:25:17-51
46        </provider>
47
48        <!--
49            This fictitious activity entry allow for ATAK 4.6.0.2 and newer to perform 
50            plugin discovery  android devices.  If this is removed, the plugin will 
51            not be able to be discovered or loaded.
52        -->
53        <activity
53-->src/main/AndroidManifest.xml:32:8-38:19
54            android:name="com.atakmap.app.component"
54-->src/main/AndroidManifest.xml:32:18-58
55            android:exported="true" >
55-->src/main/AndroidManifest.xml:33:12-35
56            <intent-filter android:label="@string/app_name" >
56-->src/main/AndroidManifest.xml:35:12-37:28
56-->src/main/AndroidManifest.xml:35:27-59
57                <action android:name="com.atakmap.app.component" />
57-->src/main/AndroidManifest.xml:36:15-66
57-->src/main/AndroidManifest.xml:36:23-63
58            </intent-filter>
59        </activity>
60
61        <provider
61-->[androidx.profileinstaller:profileinstaller:1.3.1] AndroidManifest.xml:24:9-32:20
62            android:name="androidx.startup.InitializationProvider"
62-->[androidx.profileinstaller:profileinstaller:1.3.1] AndroidManifest.xml:25:13-67
63            android:authorities="com.walaris.airscout.androidx-startup"
63-->[androidx.profileinstaller:profileinstaller:1.3.1] AndroidManifest.xml:26:13-68
64            android:exported="false" >
64-->[androidx.profileinstaller:profileinstaller:1.3.1] AndroidManifest.xml:27:13-37
65            <meta-data
65-->[androidx.profileinstaller:profileinstaller:1.3.1] AndroidManifest.xml:29:13-31:52
66                android:name="androidx.profileinstaller.ProfileInstallerInitializer"
66-->[androidx.profileinstaller:profileinstaller:1.3.1] AndroidManifest.xml:30:17-85
67                android:value="androidx.startup" />
67-->[androidx.profileinstaller:profileinstaller:1.3.1] AndroidManifest.xml:31:17-49
68        </provider>
69
70        <receiver
70-->[androidx.profileinstaller:profileinstaller:1.3.1] AndroidManifest.xml:34:9-52:20
71            android:name="androidx.profileinstaller.ProfileInstallReceiver"
71-->[androidx.profileinstaller:profileinstaller:1.3.1] AndroidManifest.xml:35:13-76
72            android:directBootAware="false"
72-->[androidx.profileinstaller:profileinstaller:1.3.1] AndroidManifest.xml:36:13-44
73            android:enabled="true"
73-->[androidx.profileinstaller:profileinstaller:1.3.1] AndroidManifest.xml:37:13-35
74            android:exported="true"
74-->[androidx.profileinstaller:profileinstaller:1.3.1] AndroidManifest.xml:38:13-36
75            android:permission="android.permission.DUMP" >
75-->[androidx.profileinstaller:profileinstaller:1.3.1] AndroidManifest.xml:39:13-57
76            <intent-filter>
76-->[androidx.profileinstaller:profileinstaller:1.3.1] AndroidManifest.xml:40:13-42:29
77                <action android:name="androidx.profileinstaller.action.INSTALL_PROFILE" />
77-->[androidx.profileinstaller:profileinstaller:1.3.1] AndroidManifest.xml:41:17-91
77-->[androidx.profileinstaller:profileinstaller:1.3.1] AndroidManifest.xml:41:25-88
78            </intent-filter>
79            <intent-filter>
79-->[androidx.profileinstaller:profileinstaller:1.3.1] AndroidManifest.xml:43:13-45:29
80                <action android:name="androidx.profileinstaller.action.SKIP_FILE" />
80-->[androidx.profileinstaller:profileinstaller:1.3.1] AndroidManifest.xml:44:17-85
80-->[androidx.profileinstaller:profileinstaller:1.3.1] AndroidManifest.xml:44:25-82
81            </intent-filter>
82            <intent-filter>
82-->[androidx.profileinstaller:profileinstaller:1.3.1] AndroidManifest.xml:46:13-48:29
83                <action android:name="androidx.profileinstaller.action.SAVE_PROFILE" />
83-->[androidx.profileinstaller:profileinstaller:1.3.1] AndroidManifest.xml:47:17-88
83-->[androidx.profileinstaller:profileinstaller:1.3.1] AndroidManifest.xml:47:25-85
84            </intent-filter>
85            <intent-filter>
85-->[androidx.profileinstaller:profileinstaller:1.3.1] AndroidManifest.xml:49:13-51:29
86                <action android:name="androidx.profileinstaller.action.BENCHMARK_OPERATION" />
86-->[androidx.profileinstaller:profileinstaller:1.3.1] AndroidManifest.xml:50:17-95
86-->[androidx.profileinstaller:profileinstaller:1.3.1] AndroidManifest.xml:50:25-92
87            </intent-filter>
88        </receiver>
89    </application>
90
91</manifest>